ninja: no work to do.
Running on host: n001.intern.lcc3.intra.uibk.ac.at
Start time: 2025-03-13 20:02:06
Building programs...
Build complete.

Running delannoy benchmark...
  Running with parameter: 10
    Repetition 1/3
    Repetition 2/3
    Repetition 3/3
  Running with parameter: 14
    Repetition 1/3
    Repetition 2/3
    Repetition 3/3

Running file_generator benchmark...
  Running with parameter: 5 100 1024 10240 1234
    Repetition 1/3
    Repetition 2/3
    Repetition 3/3
  Running with parameter: 10 200 1024 102400 1234
    Repetition 1/3
    Repetition 2/3
    Repetition 3/3

Running find_largest_file benchmark...
  Running with parameter: none
    Repetition 1/3
    Repetition 2/3
    Repetition 3/3

Running matrix_mult benchmark...
  Running with parameter: none
    Repetition 1/3
    Repetition 2/3
    Repetition 3/3

Running nbody benchmark...
  Running with parameter: none
    Repetition 1/3
    Repetition 2/3
    Repetition 3/3

Running qap benchmark...
  Running with parameter: problems/chr10a.dat
    Repetition 1/3
    Repetition 2/3
    Repetition 3/3
  Running with parameter: problems/chr12a.dat
    Repetition 1/3
    Repetition 2/3
    Repetition 3/3

Benchmarking complete. Results saved to /scratch/cb761223/perf-oriented-dev/exercises/sheet_01/experiment_results
End time: 2025-03-13 20:03:19

Creating plots...
Created plot: /scratch/cb761223/perf-oriented-dev/exercises/sheet_01/experiment_results/delannoy_real_time_boxplot.png
Created plot: /scratch/cb761223/perf-oriented-dev/exercises/sheet_01/experiment_results/file_generator_real_time_boxplot.png
Created plot: /scratch/cb761223/perf-oriented-dev/exercises/sheet_01/experiment_results/find_largest_file_real_time_boxplot.png
Created plot: /scratch/cb761223/perf-oriented-dev/exercises/sheet_01/experiment_results/matrix_mult_real_time_boxplot.png
Created plot: /scratch/cb761223/perf-oriented-dev/exercises/sheet_01/experiment_results/nbody_real_time_boxplot.png
Created plot: /scratch/cb761223/perf-oriented-dev/exercises/sheet_01/experiment_results/qap_real_time_boxplot.png
Plots saved to /scratch/cb761223/perf-oriented-dev/exercises/sheet_01/experiment_results
